<?xml version="1.0" encoding="UTF-8"?>
<!-- Generated by org.testng.reporters.JUnitReportReporter -->
<testsuite hostname="Dans-MacBook-Pro.local" name="calcularIMC.PacienteTest" tests="10" failures="0" timestamp="29 Feb 2016 17:30:54 GMT" time="0.026" errors="0">
  <testcase name="verificarDiagnotico" time="0.001" classname="calcularIMC.PacienteTest"/>
  <testcase name="verificarDiagnotico" time="0.005" classname="calcularIMC.PacienteTest"/>
  <testcase name="verificarDiagnotico" time="0.001" classname="calcularIMC.PacienteTest"/>
  <testcase name="verificarDiagnotico" time="0.001" classname="calcularIMC.PacienteTest"/>
  <testcase name="verificarDiagnotico" time="0.001" classname="calcularIMC.PacienteTest"/>
  <testcase name="verificarDiagnotico" time="0.001" classname="calcularIMC.PacienteTest"/>
  <testcase name="pesoOuAlturaInvalidosDeveRetornarUmaExcecao" time="0.014" classname="calcularIMC.PacienteTest"/>
  <testcase name="verificarDiagnotico" time="0.001" classname="calcularIMC.PacienteTest"/>
  <testcase name="verificarDiagnotico" time="0.000" classname="calcularIMC.PacienteTest"/>
  <testcase name="verificarDiagnotico" time="0.001" classname="calcularIMC.PacienteTest"/>
</testsuite> <!-- calcularIMC.PacienteTest -->
